mode: atomic
github.com/beatlabs/ergo/release/version.go:18.61,20.2 1 16
github.com/beatlabs/ergo/release/version.go:23.122,25.16 2 15
github.com/beatlabs/ergo/release/version.go:30.2,30.76 1 14
github.com/beatlabs/ergo/release/version.go:35.2,38.16 3 12
github.com/beatlabs/ergo/release/version.go:42.2,43.16 2 11
github.com/beatlabs/ergo/release/version.go:47.2,49.18 2 11
github.com/beatlabs/ergo/release/version.go:53.2,54.16 2 4
github.com/beatlabs/ergo/release/version.go:58.2,58.84 1 3
github.com/beatlabs/ergo/release/version.go:25.16,27.3 1 1
github.com/beatlabs/ergo/release/version.go:30.76,32.3 1 2
github.com/beatlabs/ergo/release/version.go:38.16,40.3 1 1
github.com/beatlabs/ergo/release/version.go:43.16,45.3 1 0
github.com/beatlabs/ergo/release/version.go:49.18,51.3 1 7
github.com/beatlabs/ergo/release/version.go:54.16,56.3 1 1
github.com/beatlabs/ergo/release/version.go:63.95,64.24 1 11
github.com/beatlabs/ergo/release/version.go:67.2,67.48 1 10
github.com/beatlabs/ergo/release/version.go:64.24,66.3 1 1
github.com/beatlabs/ergo/release/version.go:71.75,77.16 3 10
github.com/beatlabs/ergo/release/version.go:85.2,86.16 2 9
github.com/beatlabs/ergo/release/version.go:90.2,90.51 1 8
github.com/beatlabs/ergo/release/version.go:77.16,79.17 2 1
github.com/beatlabs/ergo/release/version.go:82.3,82.26 1 1
github.com/beatlabs/ergo/release/version.go:79.17,81.4 1 0
github.com/beatlabs/ergo/release/version.go:86.16,88.3 1 1
github.com/beatlabs/ergo/release/version.go:94.55,95.24 1 14
github.com/beatlabs/ergo/release/version.go:98.2,98.18 1 2
github.com/beatlabs/ergo/release/version.go:101.2,101.21 1 1
github.com/beatlabs/ergo/release/version.go:95.24,97.3 1 12
github.com/beatlabs/ergo/release/version.go:98.18,100.3 1 1
github.com/beatlabs/ergo/release/version.go:105.84,106.11 1 11
github.com/beatlabs/ergo/release/version.go:109.2,109.11 1 8
github.com/beatlabs/ergo/release/version.go:112.2,112.105 1 7
github.com/beatlabs/ergo/release/version.go:106.11,108.3 1 3
github.com/beatlabs/ergo/release/version.go:109.11,111.3 1 1
github.com/beatlabs/ergo/release/version.go:120.27,122.16 2 4
github.com/beatlabs/ergo/release/version.go:126.2,126.39 1 3
github.com/beatlabs/ergo/release/version.go:131.2,133.24 2 3
github.com/beatlabs/ergo/release/version.go:122.16,124.3 1 1
github.com/beatlabs/ergo/release/version.go:126.39,128.3 1 1
github.com/beatlabs/ergo/release/deploy.go:32.11,42.2 1 8
github.com/beatlabs/ergo/release/deploy.go:45.118,47.16 2 7
github.com/beatlabs/ergo/release/deploy.go:51.2,56.16 5 6
github.com/beatlabs/ergo/release/deploy.go:60.2,65.16 4 5
github.com/beatlabs/ergo/release/deploy.go:68.2,68.14 1 4
github.com/beatlabs/ergo/release/deploy.go:72.2,72.36 1 3
github.com/beatlabs/ergo/release/deploy.go:76.2,80.43 4 2
github.com/beatlabs/ergo/release/deploy.go:98.2,98.12 1 2
github.com/beatlabs/ergo/release/deploy.go:47.16,49.3 1 1
github.com/beatlabs/ergo/release/deploy.go:56.16,58.3 1 1
github.com/beatlabs/ergo/release/deploy.go:65.16,67.3 1 1
github.com/beatlabs/ergo/release/deploy.go:68.14,70.3 1 1
github.com/beatlabs/ergo/release/deploy.go:72.36,74.3 1 1
github.com/beatlabs/ergo/release/deploy.go:80.43,81.13 1 2
github.com/beatlabs/ergo/release/deploy.go:85.3,87.112 2 2
github.com/beatlabs/ergo/release/deploy.go:90.3,93.17 3 2
github.com/beatlabs/ergo/release/deploy.go:81.13,84.4 2 1
github.com/beatlabs/ergo/release/deploy.go:87.112,89.4 1 0
github.com/beatlabs/ergo/release/deploy.go:93.17,95.4 1 0
github.com/beatlabs/ergo/release/deploy.go:102.113,104.16 2 6
github.com/beatlabs/ergo/release/deploy.go:107.2,108.16 2 6
github.com/beatlabs/ergo/release/deploy.go:111.2,112.44 2 5
github.com/beatlabs/ergo/release/deploy.go:104.16,106.3 1 0
github.com/beatlabs/ergo/release/deploy.go:108.16,110.3 1 1
github.com/beatlabs/ergo/release/deploy.go:116.121,119.41 2 5
github.com/beatlabs/ergo/release/deploy.go:125.2,126.41 2 5
github.com/beatlabs/ergo/release/deploy.go:119.41,123.3 3 2
github.com/beatlabs/ergo/release/deploy.go:130.138,132.9 2 2
github.com/beatlabs/ergo/release/deploy.go:135.2,135.22 1 2
github.com/beatlabs/ergo/release/deploy.go:141.2,141.12 1 2
github.com/beatlabs/ergo/release/deploy.go:132.9,134.3 1 2
github.com/beatlabs/ergo/release/deploy.go:135.22,137.17 2 2
github.com/beatlabs/ergo/release/deploy.go:137.17,139.4 1 0
github.com/beatlabs/ergo/release/deploy.go:145.115,148.16 3 2
github.com/beatlabs/ergo/release/deploy.go:152.2,158.16 6 2
github.com/beatlabs/ergo/release/deploy.go:161.2,161.12 1 2
github.com/beatlabs/ergo/release/deploy.go:148.16,150.3 1 0
github.com/beatlabs/ergo/release/deploy.go:158.16,160.3 1 0
github.com/beatlabs/ergo/release/draft.go:30.10,39.2 1 4
github.com/beatlabs/ergo/release/draft.go:42.80,44.16 2 3
github.com/beatlabs/ergo/release/draft.go:48.2,59.16 5 2
github.com/beatlabs/ergo/release/draft.go:63.2,63.14 1 2
github.com/beatlabs/ergo/release/draft.go:67.2,67.74 1 2
github.com/beatlabs/ergo/release/draft.go:44.16,46.3 1 1
github.com/beatlabs/ergo/release/draft.go:59.16,61.3 1 0
github.com/beatlabs/ergo/release/draft.go:63.14,65.3 1 0
github.com/beatlabs/ergo/release/draft.go:71.132,80.48 7 2
github.com/beatlabs/ergo/release/draft.go:89.2,89.34 1 2
github.com/beatlabs/ergo/release/draft.go:99.2,103.62 4 2
github.com/beatlabs/ergo/release/draft.go:80.48,82.10 2 2
github.com/beatlabs/ergo/release/draft.go:85.3,86.88 1 2
github.com/beatlabs/ergo/release/draft.go:82.10,84.4 1 2
github.com/beatlabs/ergo/release/draft.go:89.34,90.55 1 1
github.com/beatlabs/ergo/release/draft.go:90.55,96.4 2 1
github.com/beatlabs/ergo/release/draft.go:107.110,112.29 4 2
github.com/beatlabs/ergo/release/draft.go:131.2,131.51 1 2
github.com/beatlabs/ergo/release/draft.go:112.29,113.36 1 2
github.com/beatlabs/ergo/release/draft.go:117.3,119.30 2 2
github.com/beatlabs/ergo/release/draft.go:125.3,127.37 2 2
github.com/beatlabs/ergo/release/draft.go:113.36,114.12 1 0
github.com/beatlabs/ergo/release/draft.go:119.30,121.4 1 2
github.com/beatlabs/ergo/release/draft.go:121.9,123.4 1 0
github.com/beatlabs/ergo/release/draft.go:127.37,128.9 1 0
github.com/beatlabs/ergo/release/tag.go:15.34,17.2 1 7
github.com/beatlabs/ergo/release/tag.go:20.84,22.16 2 3
github.com/beatlabs/ergo/release/tag.go:26.2,26.39 1 2
github.com/beatlabs/ergo/release/tag.go:22.16,24.3 1 1
github.com/beatlabs/ergo/release/tag.go:30.79,32.16 2 3
github.com/beatlabs/ergo/release/tag.go:36.2,36.16 1 2
github.com/beatlabs/ergo/release/tag.go:40.2,40.19 1 1
github.com/beatlabs/ergo/release/tag.go:32.16,34.3 1 1
github.com/beatlabs/ergo/release/tag.go:36.16,38.3 1 1
github.com/beatlabs/ergo/config/viper/viper.go:22.28,24.2 1 7
github.com/beatlabs/ergo/config/viper/viper.go:27.57,29.16 2 0
github.com/beatlabs/ergo/config/viper/viper.go:33.2,43.24 8 0
github.com/beatlabs/ergo/config/viper/viper.go:29.16,31.3 1 0
github.com/beatlabs/ergo/config/viper/viper.go:47.35,51.2 3 8
github.com/beatlabs/ergo/config/viper/viper.go:54.56,56.12 2 8
github.com/beatlabs/ergo/config/viper/viper.go:60.2,60.24 1 7
github.com/beatlabs/ergo/config/viper/viper.go:56.12,58.3 1 1
github.com/beatlabs/ergo/config/viper/viper.go:64.60,66.2 1 0
github.com/beatlabs/ergo/config/viper/viper.go:69.74,71.2 1 0
github.com/beatlabs/ergo/config/viper/viper.go:74.68,76.2 1 0
github.com/beatlabs/ergo/config/viper/viper.go:79.39,80.24 1 8
github.com/beatlabs/ergo/config/viper/viper.go:83.2,83.26 1 8
github.com/beatlabs/ergo/config/viper/viper.go:86.2,86.22 1 8
github.com/beatlabs/ergo/config/viper/viper.go:80.24,82.3 1 7
github.com/beatlabs/ergo/config/viper/viper.go:83.26,85.3 1 6
github.com/beatlabs/ergo/config/viper/viper.go:86.22,88.3 1 6
github.com/beatlabs/ergo/config/viper/viper.go:92.43,93.48 1 8
github.com/beatlabs/ergo/config/viper/viper.go:96.2,96.28 1 8
github.com/beatlabs/ergo/config/viper/viper.go:99.2,99.28 1 8
github.com/beatlabs/ergo/config/viper/viper.go:93.48,95.3 1 7
github.com/beatlabs/ergo/config/viper/viper.go:96.28,98.3 1 5
github.com/beatlabs/ergo/config/viper/viper.go:99.28,101.3 1 5
github.com/beatlabs/ergo/config/viper/viper.go:105.46,106.55 1 8
github.com/beatlabs/ergo/config/viper/viper.go:109.2,109.35 1 8
github.com/beatlabs/ergo/config/viper/viper.go:112.2,112.35 1 8
github.com/beatlabs/ergo/config/viper/viper.go:106.55,108.3 1 8
github.com/beatlabs/ergo/config/viper/viper.go:109.35,111.3 1 7
github.com/beatlabs/ergo/config/viper/viper.go:112.35,114.3 1 3
github.com/beatlabs/ergo/config/viper/viper.go:118.33,120.16 2 0
github.com/beatlabs/ergo/config/viper/viper.go:124.2,127.29 3 0
github.com/beatlabs/ergo/config/viper/viper.go:120.16,122.3 1 0
github.com/beatlabs/ergo/config/viper/viper.go:131.52,132.22 1 8
github.com/beatlabs/ergo/config/viper/viper.go:136.2,136.26 1 7
github.com/beatlabs/ergo/config/viper/viper.go:140.2,140.22 1 7
github.com/beatlabs/ergo/config/viper/viper.go:144.2,144.24 1 7
github.com/beatlabs/ergo/config/viper/viper.go:148.2,148.17 1 7
github.com/beatlabs/ergo/config/viper/viper.go:132.22,134.3 1 1
github.com/beatlabs/ergo/config/viper/viper.go:136.26,138.3 1 0
github.com/beatlabs/ergo/config/viper/viper.go:140.22,142.3 1 0
github.com/beatlabs/ergo/config/viper/viper.go:144.24,146.3 1 0
github.com/beatlabs/ergo/github/github.go:23.78,30.2 3 1
github.com/beatlabs/ergo/github/github.go:33.94,39.2 1 27
github.com/beatlabs/ergo/github/github.go:42.110,61.2 5 1
github.com/beatlabs/ergo/github/github.go:64.85,71.78 4 5
github.com/beatlabs/ergo/github/github.go:75.2,75.16 1 4
github.com/beatlabs/ergo/github/github.go:79.2,86.8 2 2
github.com/beatlabs/ergo/github/github.go:71.78,73.3 1 1
github.com/beatlabs/ergo/github/github.go:75.16,77.3 1 2
github.com/beatlabs/ergo/github/github.go:90.108,92.26 1 2
github.com/beatlabs/ergo/github/github.go:96.2,104.21 5 1
github.com/beatlabs/ergo/github/github.go:92.26,94.3 1 1
github.com/beatlabs/ergo/github/github.go:108.97,110.16 2 2
github.com/beatlabs/ergo/github/github.go:114.2,114.66 1 1
github.com/beatlabs/ergo/github/github.go:110.16,112.3 1 1
github.com/beatlabs/ergo/github/github.go:118.107,127.66 5 5
github.com/beatlabs/ergo/github/github.go:130.2,130.16 1 4
github.com/beatlabs/ergo/github/github.go:134.2,144.66 5 3
github.com/beatlabs/ergo/github/github.go:147.2,147.16 1 2
github.com/beatlabs/ergo/github/github.go:151.2,151.37 1 1
github.com/beatlabs/ergo/github/github.go:127.66,129.3 1 1
github.com/beatlabs/ergo/github/github.go:130.16,132.3 1 1
github.com/beatlabs/ergo/github/github.go:144.66,146.3 1 1
github.com/beatlabs/ergo/github/github.go:147.16,149.3 1 1
github.com/beatlabs/ergo/github/github.go:155.119,157.16 2 5
github.com/beatlabs/ergo/github/github.go:161.2,162.16 2 3
github.com/beatlabs/ergo/github/github.go:166.2,166.116 1 2
github.com/beatlabs/ergo/github/github.go:157.16,159.3 1 2
github.com/beatlabs/ergo/github/github.go:162.16,164.3 1 1
github.com/beatlabs/ergo/github/github.go:170.113,172.16 2 8
github.com/beatlabs/ergo/github/github.go:176.2,177.44 2 5
github.com/beatlabs/ergo/github/github.go:182.2,182.26 1 5
github.com/beatlabs/ergo/github/github.go:172.16,174.3 1 3
github.com/beatlabs/ergo/github/github.go:177.44,180.3 2 5
github.com/beatlabs/ergo/github/github.go:187.137,189.41 2 2
github.com/beatlabs/ergo/github/github.go:196.2,196.27 1 1
github.com/beatlabs/ergo/github/github.go:189.41,191.17 2 2
github.com/beatlabs/ergo/github/github.go:194.3,194.54 1 1
github.com/beatlabs/ergo/github/github.go:191.17,193.4 1 1
github.com/beatlabs/ergo/github/github.go:200.110,202.16 2 3
github.com/beatlabs/ergo/github/github.go:206.2,209.16 4 2
github.com/beatlabs/ergo/github/github.go:213.2,213.12 1 1
github.com/beatlabs/ergo/github/github.go:202.16,204.3 1 1
github.com/beatlabs/ergo/github/github.go:209.16,211.3 1 1
github.com/beatlabs/ergo/github/github.go:217.101,219.16 2 3
github.com/beatlabs/ergo/github/github.go:222.2,222.16 1 2
github.com/beatlabs/ergo/github/github.go:225.2,225.66 1 1
github.com/beatlabs/ergo/github/github.go:219.16,221.3 1 1
github.com/beatlabs/ergo/github/github.go:222.16,224.3 1 1
github.com/beatlabs/ergo/github/github.go:229.106,233.66 3 6
github.com/beatlabs/ergo/github/github.go:236.2,236.16 1 5
github.com/beatlabs/ergo/github/github.go:240.2,240.17 1 3
github.com/beatlabs/ergo/github/github.go:233.66,235.3 1 1
github.com/beatlabs/ergo/github/github.go:236.16,238.3 1 2
github.com/beatlabs/ergo/github/github.go:244.50,246.2 1 1
